Added Component: Designator=C1(CAPC2013X88X50LL20T25)
Add component (AddParameter): Name = "Manufacturer"; Value = "Kemet"; VariantName = "[No Variations]"
Add component (AddParameter): Name = "Part Number"; Value = "C0805C103K5RACTU"; VariantName = "[No Variations]"
Added Component: Designator=C2(FP-T491B106K020AT-MFG)
Add component (AddParameter): Name = "Capacitance"; Value = "10uF"; VariantName = "[No Variations]"
Add component (AddParameter): Name = "Case Code (Imperial)"; Value = "1411"; VariantName = "[No Variations]"
Add component (AddParameter): Name = "Case Code (Metric)"; Value = "3528"; VariantName = "[No Variations]"
Add component (AddParameter): Name = "Case/Package"; Value = "1411"; VariantName = "[No Variations]"
Add component (AddParameter): Name = "Depth"; Value = "2.8mm"; VariantName = "[No Variations]"
Add component (AddParameter): Name = "Dielectric Material"; Value = "Tantalum"; VariantName = "[No Variations]"
Add component (AddParameter): Name = "Dissipation Factor"; Value = "6%"; VariantName = "[No Variations]"
Add component (AddParameter): Name = "ESR (Equivalent Series Resistance)"; Value = "2.1R"; VariantName = "[No Variations]"
Add component (AddParameter): Name = "Failure Rate"; Value = "0.001%"; VariantName = "[No Variations]"
Add component (AddParameter): Name = "Features"; Value = "General Purpose"; VariantName = "[No Variations]"
Add component (AddParameter): Name = "Height"; Value = "1.9mm"; VariantName = "[No Variations]"
Add component (AddParameter): Name = "Height - Seated (Max)"; Value = "0.083inch"; VariantName = "[No Variations]"
Add component (AddParameter): Name = "Lead Free"; Value = "Lead Free"; VariantName = "[No Variations]"
Add component (AddParameter): Name = "Leakage Current"; Value = "2uA"; VariantName = "[No Variations]"
Add component (AddParameter): Name = "Length"; Value = "3.5mm"; VariantName = "[No Variations]"
Add component (AddParameter): Name = "Life (Hours)"; Value = "2000Hour"; VariantName = "[No Variations]"
Add component (AddParameter): Name = "Max Operating Temperature"; Value = "125°C"; VariantName = "[No Variations]"
Add component (AddParameter): Name = "Min Operating Temperature"; Value = "-55°C"; VariantName = "[No Variations]"
Add component (AddParameter): Name = "Mount"; Value = "Surface Mount"; VariantName = "[No Variations]"
Add component (AddParameter): Name = "Number of Pins"; Value = "2"; VariantName = "[No Variations]"
Add component (AddParameter): Name = "Package Quantity"; Value = "1"; VariantName = "[No Variations]"
Add component (AddParameter): Name = "Packaging"; Value = "Tape and Reel"; VariantName = "[No Variations]"
Add component (AddParameter): Name = "Polarity"; Value = "Polar"; VariantName = "[No Variations]"
Add component (AddParameter): Name = "Radiation Hardening"; Value = "No"; VariantName = "[No Variations]"
Add component (AddParameter): Name = "REACH SVHC"; Value = "No SVHC"; VariantName = "[No Variations]"
Add component (AddParameter): Name = "Ripple Current"; Value = "201mA"; VariantName = "[No Variations]"
Add component (AddParameter): Name = "RoHS Compliant"; Value = "Yes"; VariantName = "[No Variations]"
Add component (AddParameter): Name = "Termination"; Value = "SMD/SMT"; VariantName = "[No Variations]"
Add component (AddParameter): Name = "Tolerance"; Value = "10%"; VariantName = "[No Variations]"
Add component (AddParameter): Name = "Voltage"; Value = "20V"; VariantName = "[No Variations]"
Add component (AddParameter): Name = "Voltage Rating"; Value = "20V"; VariantName = "[No Variations]"
Add component (AddParameter): Name = "Voltage Rating (DC)"; Value = "20V"; VariantName = "[No Variations]"
Add component (AddParameter): Name = "Weight"; Value = "0.002293oz"; VariantName = "[No Variations]"
Add component (AddParameter): Name = "Width"; Value = "2.8mm"; VariantName = "[No Variations]"
Added Component: Designator=C3(CAPC2013X88X50LL20T25)
Add component (AddParameter): Name = "Manufacturer"; Value = "Kemet"; VariantName = "[No Variations]"
Add component (AddParameter): Name = "Part Number"; Value = "C0805C103K5RACTU"; VariantName = "[No Variations]"
Added Component: Designator=C4(FP-T491B106K020AT-MFG)
Add component (AddParameter): Name = "Capacitance"; Value = "10uF"; VariantName = "[No Variations]"
Add component (AddParameter): Name = "Case Code (Imperial)"; Value = "1411"; VariantName = "[No Variations]"
Add component (AddParameter): Name = "Case Code (Metric)"; Value = "3528"; VariantName = "[No Variations]"
Add component (AddParameter): Name = "Case/Package"; Value = "1411"; VariantName = "[No Variations]"
Add component (AddParameter): Name = "Depth"; Value = "2.8mm"; VariantName = "[No Variations]"
Add component (AddParameter): Name = "Dielectric Material"; Value = "Tantalum"; VariantName = "[No Variations]"
Add component (AddParameter): Name = "Dissipation Factor"; Value = "6%"; VariantName = "[No Variations]"
Add component (AddParameter): Name = "ESR (Equivalent Series Resistance)"; Value = "2.1R"; VariantName = "[No Variations]"
Add component (AddParameter): Name = "Failure Rate"; Value = "0.001%"; VariantName = "[No Variations]"
Add component (AddParameter): Name = "Features"; Value = "General Purpose"; VariantName = "[No Variations]"
Add component (AddParameter): Name = "Height"; Value = "1.9mm"; VariantName = "[No Variations]"
Add component (AddParameter): Name = "Height - Seated (Max)"; Value = "0.083inch"; VariantName = "[No Variations]"
Add component (AddParameter): Name = "Lead Free"; Value = "Lead Free"; VariantName = "[No Variations]"
Add component (AddParameter): Name = "Leakage Current"; Value = "2uA"; VariantName = "[No Variations]"
Add component (AddParameter): Name = "Length"; Value = "3.5mm"; VariantName = "[No Variations]"
Add component (AddParameter): Name = "Life (Hours)"; Value = "2000Hour"; VariantName = "[No Variations]"
Add component (AddParameter): Name = "Max Operating Temperature"; Value = "125°C"; VariantName = "[No Variations]"
Add component (AddParameter): Name = "Min Operating Temperature"; Value = "-55°C"; VariantName = "[No Variations]"
Add component (AddParameter): Name = "Mount"; Value = "Surface Mount"; VariantName = "[No Variations]"
Add component (AddParameter): Name = "Number of Pins"; Value = "2"; VariantName = "[No Variations]"
Add component (AddParameter): Name = "Package Quantity"; Value = "1"; VariantName = "[No Variations]"
Add component (AddParameter): Name = "Packaging"; Value = "Tape and Reel"; VariantName = "[No Variations]"
Add component (AddParameter): Name = "Polarity"; Value = "Polar"; VariantName = "[No Variations]"
Add component (AddParameter): Name = "Radiation Hardening"; Value = "No"; VariantName = "[No Variations]"
Add component (AddParameter): Name = "REACH SVHC"; Value = "No SVHC"; VariantName = "[No Variations]"
Add component (AddParameter): Name = "Ripple Current"; Value = "201mA"; VariantName = "[No Variations]"
Add component (AddParameter): Name = "RoHS Compliant"; Value = "Yes"; VariantName = "[No Variations]"
Add component (AddParameter): Name = "Termination"; Value = "SMD/SMT"; VariantName = "[No Variations]"
Add component (AddParameter): Name = "Tolerance"; Value = "10%"; VariantName = "[No Variations]"
Add component (AddParameter): Name = "Voltage"; Value = "20V"; VariantName = "[No Variations]"
Add component (AddParameter): Name = "Voltage Rating"; Value = "20V"; VariantName = "[No Variations]"
Add component (AddParameter): Name = "Voltage Rating (DC)"; Value = "20V"; VariantName = "[No Variations]"
Add component (AddParameter): Name = "Weight"; Value = "0.002293oz"; VariantName = "[No Variations]"
Add component (AddParameter): Name = "Width"; Value = "2.8mm"; VariantName = "[No Variations]"
Added Component: Designator=C5(CAPC2013X88X50LL20T25)
Add component (AddParameter): Name = "Manufacturer"; Value = "Kemet"; VariantName = "[No Variations]"
Add component (AddParameter): Name = "Part Number"; Value = "C0805C103K5RACTU"; VariantName = "[No Variations]"
Added Component: Designator=C6(FP-T491B106K020AT-MFG)
Add component (AddParameter): Name = "Capacitance"; Value = "10uF"; VariantName = "[No Variations]"
Add component (AddParameter): Name = "Case Code (Imperial)"; Value = "1411"; VariantName = "[No Variations]"
Add component (AddParameter): Name = "Case Code (Metric)"; Value = "3528"; VariantName = "[No Variations]"
Add component (AddParameter): Name = "Case/Package"; Value = "1411"; VariantName = "[No Variations]"
Add component (AddParameter): Name = "Depth"; Value = "2.8mm"; VariantName = "[No Variations]"
Add component (AddParameter): Name = "Dielectric Material"; Value = "Tantalum"; VariantName = "[No Variations]"
Add component (AddParameter): Name = "Dissipation Factor"; Value = "6%"; VariantName = "[No Variations]"
Add component (AddParameter): Name = "ESR (Equivalent Series Resistance)"; Value = "2.1R"; VariantName = "[No Variations]"
Add component (AddParameter): Name = "Failure Rate"; Value = "0.001%"; VariantName = "[No Variations]"
Add component (AddParameter): Name = "Features"; Value = "General Purpose"; VariantName = "[No Variations]"
Add component (AddParameter): Name = "Height"; Value = "1.9mm"; VariantName = "[No Variations]"
Add component (AddParameter): Name = "Height - Seated (Max)"; Value = "0.083inch"; VariantName = "[No Variations]"
Add component (AddParameter): Name = "Lead Free"; Value = "Lead Free"; VariantName = "[No Variations]"
Add component (AddParameter): Name = "Leakage Current"; Value = "2uA"; VariantName = "[No Variations]"
Add component (AddParameter): Name = "Length"; Value = "3.5mm"; VariantName = "[No Variations]"
Add component (AddParameter): Name = "Life (Hours)"; Value = "2000Hour"; VariantName = "[No Variations]"
Add component (AddParameter): Name = "Max Operating Temperature"; Value = "125°C"; VariantName = "[No Variations]"
Add component (AddParameter): Name = "Min Operating Temperature"; Value = "-55°C"; VariantName = "[No Variations]"
Add component (AddParameter): Name = "Mount"; Value = "Surface Mount"; VariantName = "[No Variations]"
Add component (AddParameter): Name = "Number of Pins"; Value = "2"; VariantName = "[No Variations]"
Add component (AddParameter): Name = "Package Quantity"; Value = "1"; VariantName = "[No Variations]"
Add component (AddParameter): Name = "Packaging"; Value = "Tape and Reel"; VariantName = "[No Variations]"
Add component (AddParameter): Name = "Polarity"; Value = "Polar"; VariantName = "[No Variations]"
Add component (AddParameter): Name = "Radiation Hardening"; Value = "No"; VariantName = "[No Variations]"
Add component (AddParameter): Name = "REACH SVHC"; Value = "No SVHC"; VariantName = "[No Variations]"
Add component (AddParameter): Name = "Ripple Current"; Value = "201mA"; VariantName = "[No Variations]"
Add component (AddParameter): Name = "RoHS Compliant"; Value = "Yes"; VariantName = "[No Variations]"
Add component (AddParameter): Name = "Termination"; Value = "SMD/SMT"; VariantName = "[No Variations]"
Add component (AddParameter): Name = "Tolerance"; Value = "10%"; VariantName = "[No Variations]"
Add component (AddParameter): Name = "Voltage"; Value = "20V"; VariantName = "[No Variations]"
Add component (AddParameter): Name = "Voltage Rating"; Value = "20V"; VariantName = "[No Variations]"
Add component (AddParameter): Name = "Voltage Rating (DC)"; Value = "20V"; VariantName = "[No Variations]"
Add component (AddParameter): Name = "Weight"; Value = "0.002293oz"; VariantName = "[No Variations]"
Add component (AddParameter): Name = "Width"; Value = "2.8mm"; VariantName = "[No Variations]"
Added Component: Designator=C7(FP-T491B106K020AT-MFG)
Add component (AddParameter): Name = "Capacitance"; Value = "10uF"; VariantName = "[No Variations]"
Add component (AddParameter): Name = "Case Code (Imperial)"; Value = "1411"; VariantName = "[No Variations]"
Add component (AddParameter): Name = "Case Code (Metric)"; Value = "3528"; VariantName = "[No Variations]"
Add component (AddParameter): Name = "Case/Package"; Value = "1411"; VariantName = "[No Variations]"
Add component (AddParameter): Name = "Depth"; Value = "2.8mm"; VariantName = "[No Variations]"
Add component (AddParameter): Name = "Dielectric Material"; Value = "Tantalum"; VariantName = "[No Variations]"
Add component (AddParameter): Name = "Dissipation Factor"; Value = "6%"; VariantName = "[No Variations]"
Add component (AddParameter): Name = "ESR (Equivalent Series Resistance)"; Value = "2.1R"; VariantName = "[No Variations]"
Add component (AddParameter): Name = "Failure Rate"; Value = "0.001%"; VariantName = "[No Variations]"
Add component (AddParameter): Name = "Features"; Value = "General Purpose"; VariantName = "[No Variations]"
Add component (AddParameter): Name = "Height"; Value = "1.9mm"; VariantName = "[No Variations]"
Add component (AddParameter): Name = "Height - Seated (Max)"; Value = "0.083inch"; VariantName = "[No Variations]"
Add component (AddParameter): Name = "Lead Free"; Value = "Lead Free"; VariantName = "[No Variations]"
Add component (AddParameter): Name = "Leakage Current"; Value = "2uA"; VariantName = "[No Variations]"
Add component (AddParameter): Name = "Length"; Value = "3.5mm"; VariantName = "[No Variations]"
Add component (AddParameter): Name = "Life (Hours)"; Value = "2000Hour"; VariantName = "[No Variations]"
Add component (AddParameter): Name = "Max Operating Temperature"; Value = "125°C"; VariantName = "[No Variations]"
Add component (AddParameter): Name = "Min Operating Temperature"; Value = "-55°C"; VariantName = "[No Variations]"
Add component (AddParameter): Name = "Mount"; Value = "Surface Mount"; VariantName = "[No Variations]"
Add component (AddParameter): Name = "Number of Pins"; Value = "2"; VariantName = "[No Variations]"
Add component (AddParameter): Name = "Package Quantity"; Value = "1"; VariantName = "[No Variations]"
Add component (AddParameter): Name = "Packaging"; Value = "Tape and Reel"; VariantName = "[No Variations]"
Add component (AddParameter): Name = "Polarity"; Value = "Polar"; VariantName = "[No Variations]"
Add component (AddParameter): Name = "Radiation Hardening"; Value = "No"; VariantName = "[No Variations]"
Add component (AddParameter): Name = "REACH SVHC"; Value = "No SVHC"; VariantName = "[No Variations]"
Add component (AddParameter): Name = "Ripple Current"; Value = "201mA"; VariantName = "[No Variations]"
Add component (AddParameter): Name = "RoHS Compliant"; Value = "Yes"; VariantName = "[No Variations]"
Add component (AddParameter): Name = "Termination"; Value = "SMD/SMT"; VariantName = "[No Variations]"
Add component (AddParameter): Name = "Tolerance"; Value = "10%"; VariantName = "[No Variations]"
Add component (AddParameter): Name = "Voltage"; Value = "20V"; VariantName = "[No Variations]"
Add component (AddParameter): Name = "Voltage Rating"; Value = "20V"; VariantName = "[No Variations]"
Add component (AddParameter): Name = "Voltage Rating (DC)"; Value = "20V"; VariantName = "[No Variations]"
Add component (AddParameter): Name = "Weight"; Value = "0.002293oz"; VariantName = "[No Variations]"
Add component (AddParameter): Name = "Width"; Value = "2.8mm"; VariantName = "[No Variations]"
Added Component: Designator=C8(CAPC2013X88X50LL20T25)
Add component (AddParameter): Name = "Manufacturer"; Value = "Kemet"; VariantName = "[No Variations]"
Add component (AddParameter): Name = "Part Number"; Value = "C0805C103K5RACTU"; VariantName = "[No Variations]"
Added Component: Designator=C9(CAPC2013X88X50LL20T25)
Add component (AddParameter): Name = "Manufacturer"; Value = "Kemet"; VariantName = "[No Variations]"
Add component (AddParameter): Name = "Part Number"; Value = "C0805C103K5RACTU"; VariantName = "[No Variations]"
Added Component: Designator=C10(CAPC2013X88X50LL20T25)
Add component (AddParameter): Name = "Manufacturer"; Value = "Kemet"; VariantName = "[No Variations]"
Add component (AddParameter): Name = "Part Number"; Value = "C0805C103K5RACTU"; VariantName = "[No Variations]"
Added Component: Designator=C11(CAPC2013X88X50LL20T25)
Add component (AddParameter): Name = "Manufacturer"; Value = "Kemet"; VariantName = "[No Variations]"
Add component (AddParameter): Name = "Part Number"; Value = "C0805C103K5RACTU"; VariantName = "[No Variations]"
Added Component: Designator=C12(CAPC2013X88X50LL20T25)
Add component (AddParameter): Name = "Manufacturer"; Value = "Kemet"; VariantName = "[No Variations]"
Add component (AddParameter): Name = "Part Number"; Value = "C0805C103K5RACTU"; VariantName = "[No Variations]"
Added Component: Designator=C13(CAPC2013X88X50LL20T25)
Add component (AddParameter): Name = "Manufacturer"; Value = "Kemet"; VariantName = "[No Variations]"
Add component (AddParameter): Name = "Part Number"; Value = "C0805C103K5RACTU"; VariantName = "[No Variations]"
Added Component: Designator=D1(ONSC-SOD-323-2-477-02_V)
Add component (AddParameter): Name = "ComponentLink1Description"; Value = "Manufacturer URL"; VariantName = "[No Variations]"
Add component (AddParameter): Name = "ComponentLink1URL"; Value = "http://www.onsemi.com/"; VariantName = "[No Variations]"
Add component (AddParameter): Name = "ComponentLink2Description"; Value = "Datasheet"; VariantName = "[No Variations]"
Add component (AddParameter): Name = "ComponentLink2URL"; Value = "http://www.onsemi.cn/pub_link/Collateral/MM3Z2V4T1-D.PDF"; VariantName = "[No Variations]"
Add component (AddParameter): Name = "ComponentLink3Description"; Value = "Package Specification"; VariantName = "[No Variations]"
Add component (AddParameter): Name = "ComponentLink3URL"; Value = "http://www.onsemi.com/pub_link/Collateral/477-02.PDF.1"; VariantName = "[No Variations]"
Add component (AddParameter): Name = "DatasheetVersion"; Value = "Rev. 9"; VariantName = "[No Variations]"
Add component (AddParameter): Name = "Manufacturer"; Value = "On Semiconductor"; VariantName = "[No Variations]"
Add component (AddParameter): Name = "Mounting Technology"; Value = "Surface Mount"; VariantName = "[No Variations]"
Add component (AddParameter): Name = "P Max (W)"; Value = "0.3"; VariantName = "[No Variations]"
Add component (AddParameter): Name = "PackageDescription"; Value = "2-Pin SOD, Body 1.7 x 1.25 mm"; VariantName = "[No Variations]"
Add component (AddParameter): Name = "PackageReference"; Value = "SOD-323-2-477-02"; VariantName = "[No Variations]"
Add component (AddParameter): Name = "PackageVersion"; Value = "Rev. H, 03/2007"; VariantName = "[No Variations]"
Add component (AddParameter): Name = "Packing"; Value = "Tape and Reel"; VariantName = "[No Variations]"
Add component (AddParameter): Name = "PartNumber"; Value = "MM3Z10VT1G"; VariantName = "[No Variations]"
Add component (AddParameter): Name = "RoHS"; Value = "Pb-Free"; VariantName = "[No Variations]"
Add component (AddParameter): Name = "VZ Typ (V)"; Value = "10"; VariantName = "[No Variations]"
Added Component: Designator=J1(SAMTEC_TSW-103-15-F-D)
Add component (AddParameter): Name = "Availability"; Value = "Unavailable"; VariantName = "[No Variations]"
Add component (AddParameter): Name = "MF"; Value = ""; VariantName = "[No Variations]"
Add component (AddParameter): Name = "MP"; Value = "TSW-103-15-F-D"; VariantName = "[No Variations]"
Add component (AddParameter): Name = "Package"; Value = "None"; VariantName = "[No Variations]"
Add component (AddParameter): Name = "Price"; Value = "None"; VariantName = "[No Variations]"
Add component (AddParameter): Name = "Value"; Value = ""; VariantName = "[No Variations]"
Added Component: Designator=J2(SAMTEC_ZF5S-12-02-T-WT)
Add component (AddParameter): Name = "Availability"; Value = "Unavailable"; VariantName = "[No Variations]"
Add component (AddParameter): Name = "MF"; Value = ""; VariantName = "[No Variations]"
Add component (AddParameter): Name = "MP"; Value = "ZF5S-12-02-T-WT"; VariantName = "[No Variations]"
Add component (AddParameter): Name = "Package"; Value = "None"; VariantName = "[No Variations]"
Add component (AddParameter): Name = "Price"; Value = "None"; VariantName = "[No Variations]"
Add component (AddParameter): Name = "Value"; Value = ""; VariantName = "[No Variations]"
Added Component: Designator=J3(SAMTEC_ZF5S-12-02-T-WT)
Add component (AddParameter): Name = "Availability"; Value = "Unavailable"; VariantName = "[No Variations]"
Add component (AddParameter): Name = "MF"; Value = ""; VariantName = "[No Variations]"
Add component (AddParameter): Name = "MP"; Value = "ZF5S-12-02-T-WT"; VariantName = "[No Variations]"
Add component (AddParameter): Name = "Package"; Value = "None"; VariantName = "[No Variations]"
Add component (AddParameter): Name = "Price"; Value = "None"; VariantName = "[No Variations]"
Add component (AddParameter): Name = "Value"; Value = ""; VariantName = "[No Variations]"
Added Component: Designator=M1(PCBComponent_1)
Added Component: Designator=M2(PCBComponent_1)
Added Component: Designator=P1(MOLX-22-27-2021_V)
Add component (AddParameter): Name = "Contact material"; Value = "Tinplatedbrass"; VariantName = "[No Variations]"
Add component (AddParameter): Name = "Current - Max"; Value = "4A"; VariantName = "[No Variations]"
Add component (AddParameter): Name = "Current rating"; Value = "4A"; VariantName = "[No Variations]"
Add component (AddParameter): Name = "Datasheet URL"; Value = "http://www.molex.com/pdm_docs/sd/022272021_sd.pdf"; VariantName = "[No Variations]"
Add component (AddParameter): Name = "Datasheet Version"; Value = "Rev. F, 06/2009"; VariantName = "[No Variations]"
Add component (AddParameter): Name = "Housing material"; Value = "Nylon(UL94V-0)"; VariantName = "[No Variations]"
Add component (AddParameter): Name = "Manufacturer"; Value = "Molex"; VariantName = "[No Variations]"
Add component (AddParameter): Name = "Manufacturer URL"; Value = "http://www.molex.com/"; VariantName = "[No Variations]"
Add component (AddParameter): Name = "Mounting Technology"; Value = "ThroughHole"; VariantName = "[No Variations]"
Add component (AddParameter): Name = "No. of Positions"; Value = "2"; VariantName = "[No Variations]"
Add component (AddParameter): Name = "No. of Rows"; Value = "1"; VariantName = "[No Variations]"
Add component (AddParameter): Name = "Operating temperature"; Value = "0°Cto+75°C"; VariantName = "[No Variations]"
Add component (AddParameter): Name = "Orientation"; Value = "Vertical"; VariantName = "[No Variations]"
Add component (AddParameter): Name = "Package Description"; Value = "2-Leads Header, Body 5.08 x 5.8 mm, Pitch 2.54 mm"; VariantName = "[No Variations]"
Add component (AddParameter): Name = "Package Reference"; Value = "22-27-2021"; VariantName = "[No Variations]"
Add component (AddParameter): Name = "Package Version"; Value = "Rev. BC, 02/2012"; VariantName = "[No Variations]"
Add component (AddParameter): Name = "PartNumber"; Value = "0022272021"; VariantName = "[No Variations]"
Add component (AddParameter): Name = "Pitch"; Value = "2.54mm"; VariantName = "[No Variations]"
Add component (AddParameter): Name = "Voltage - Max"; Value = "250V"; VariantName = "[No Variations]"
Add component (AddParameter): Name = "Voltage rating"; Value = "250V"; VariantName = "[No Variations]"
Added Component: Designator=Q1(FP-527AG-MFG)
Add component (AddParameter): Name = "Case/Package"; Value = "SOT-23"; VariantName = "[No Variations]"
Add component (AddParameter): Name = "Contact Plating"; Value = "Tin"; VariantName = "[No Variations]"
Add component (AddParameter): Name = "Continuous Drain Current (ID)"; Value = "2A"; VariantName = "[No Variations]"
Add component (AddParameter): Name = "Current Rating"; Value = "-2A"; VariantName = "[No Variations]"
Add component (AddParameter): Name = "Drain to Source Breakdown Voltage"; Value = "-20V"; VariantName = "[No Variations]"
Add component (AddParameter): Name = "Drain to Source Resistance"; Value = "60mR"; VariantName = "[No Variations]"
Add component (AddParameter): Name = "Drain to Source Voltage (Vdss)"; Value = "20V"; VariantName = "[No Variations]"
Add component (AddParameter): Name = "Dual Supply Voltage"; Value = "-20V"; VariantName = "[No Variations]"
Add component (AddParameter): Name = "Element Configuration"; Value = "Single"; VariantName = "[No Variations]"
Add component (AddParameter): Name = "Fall Time"; Value = "11ns"; VariantName = "[No Variations]"
Add component (AddParameter): Name = "Gate to Source Voltage (Vgs)"; Value = "8V"; VariantName = "[No Variations]"
Add component (AddParameter): Name = "Height"; Value = "0.94mm"; VariantName = "[No Variations]"
Add component (AddParameter): Name = "Input Capacitance"; Value = "779pF"; VariantName = "[No Variations]"
Add component (AddParameter): Name = "Lead Free"; Value = "Lead Free"; VariantName = "[No Variations]"
Add component (AddParameter): Name = "Length"; Value = "2.92mm"; VariantName = "[No Variations]"
Add component (AddParameter): Name = "Max Operating Temperature"; Value = "150°C"; VariantName = "[No Variations]"
Add component (AddParameter): Name = "Max Power Dissipation"; Value = "500mW"; VariantName = "[No Variations]"
Add component (AddParameter): Name = "Min Operating Temperature"; Value = "-55°C"; VariantName = "[No Variations]"
Add component (AddParameter): Name = "Mount"; Value = "Surface Mount"; VariantName = "[No Variations]"
Add component (AddParameter): Name = "Nominal Vgs"; Value = "-800mV"; VariantName = "[No Variations]"
Add component (AddParameter): Name = "Number of Elements"; Value = "1"; VariantName = "[No Variations]"
Add component (AddParameter): Name = "Number of Pins"; Value = "3"; VariantName = "[No Variations]"
Add component (AddParameter): Name = "On-State Resistance"; Value = "70MR"; VariantName = "[No Variations]"
Add component (AddParameter): Name = "Package Quantity"; Value = "1"; VariantName = "[No Variations]"
Add component (AddParameter): Name = "Packaging"; Value = "Tape and Reel"; VariantName = "[No Variations]"
Add component (AddParameter): Name = "Power Dissipation"; Value = "500mW"; VariantName = "[No Variations]"
Add component (AddParameter): Name = "Radiation Hardening"; Value = "No"; VariantName = "[No Variations]"
Add component (AddParameter): Name = "Rds On Max"; Value = "70mR"; VariantName = "[No Variations]"
Add component (AddParameter): Name = "REACH SVHC"; Value = "No SVHC"; VariantName = "[No Variations]"
Add component (AddParameter): Name = "Rise Time"; Value = "9ns"; VariantName = "[No Variations]"
Add component (AddParameter): Name = "Termination"; Value = "SMD/SMT"; VariantName = "[No Variations]"
Add component (AddParameter): Name = "Threshold Voltage"; Value = "-800mV"; VariantName = "[No Variations]"
Add component (AddParameter): Name = "Turn-Off Delay Time"; Value = "27ns"; VariantName = "[No Variations]"
Add component (AddParameter): Name = "Turn-On Delay Time"; Value = "10ns"; VariantName = "[No Variations]"
Add component (AddParameter): Name = "Voltage Rating (DC)"; Value = "-20V"; VariantName = "[No Variations]"
Add component (AddParameter): Name = "Weight"; Value = "0.03g"; VariantName = "[No Variations]"
Add component (AddParameter): Name = "Width"; Value = "3.05mm"; VariantName = "[No Variations]"
Added Component: Designator=Q2(INF-PG-SOT23_M)
Add component (AddParameter): Name = "ComponentLink1Description"; Value = "Manufacturer URL"; VariantName = "[No Variations]"
Add component (AddParameter): Name = "ComponentLink1URL"; Value = "http://www.infineon.com/"; VariantName = "[No Variations]"
Add component (AddParameter): Name = "ComponentLink2Description"; Value = "Datasheet"; VariantName = "[No Variations]"
Add component (AddParameter): Name = "ComponentLink2URL"; Value = "http://www.infineon.com/dgdl/2N7002_Rev2.4.pdf?folderId=db3a3043156fd573011622e10b5c1f67&fileId=db3a304319bc939a0119c2a9461e79e6"; VariantName = "[No Variations]"
Add component (AddParameter): Name = "ComponentLink3Description"; Value = "Package Specification"; VariantName = "[No Variations]"
Add component (AddParameter): Name = "ComponentLink3URL"; Value = "http://www.infineon.com/dgdl/SOT23-Package_Overview.pdf?folderId=db3a30431936bc4b0119532290053c66&fileId=db3a30431936bc4b0119533468123c85"; VariantName = "[No Variations]"
Add component (AddParameter): Name = "DatasheetVersion"; Value = "Rev. 2.4"; VariantName = "[No Variations]"
Add component (AddParameter): Name = "Green"; Value = "TRUE"; VariantName = "[No Variations]"
Add component (AddParameter): Name = "Halogen-free"; Value = "TRUE"; VariantName = "[No Variations]"
Add component (AddParameter): Name = "ID (max)"; Value = "0.3Â A"; VariantName = "[No Variations]"
Add component (AddParameter): Name = "IDpuls (max)"; Value = "1.2Â A"; VariantName = "[No Variations]"
Add component (AddParameter): Name = "Manufacturer"; Value = "Infineon"; VariantName = "[No Variations]"
Add component (AddParameter): Name = "Mounting Technology"; Value = "Surface Mount"; VariantName = "[No Variations]"
Add component (AddParameter): Name = "PackageDescription"; Value = "3-Pin Small Outline Transistor Package, 2.9 x 1.3 mm Body, 0.95 mm Pitch"; VariantName = "[No Variations]"
Add component (AddParameter): Name = "PackageReference"; Value = "PG-SOT23"; VariantName = "[No Variations]"
Add component (AddParameter): Name = "PackageVersion"; Value = "Apr-08"; VariantName = "[No Variations]"
Add component (AddParameter): Name = "Packing"; Value = "Reel"; VariantName = "[No Variations]"
Add component (AddParameter): Name = "PartNumber"; Value = "2N7002"; VariantName = "[No Variations]"
Add component (AddParameter): Name = "Ptot (max)"; Value = "0.5Â W"; VariantName = "[No Variations]"
Add component (AddParameter): Name = "QG"; Value = "0.4Â nC"; VariantName = "[No Variations]"
Add component (AddParameter): Name = "RDS (on) (max)"; Value = "3,000 mOhm"; VariantName = "[No Variations]"
Add component (AddParameter): Name = "RDS (on) (max) (@4.5V)"; Value = "4,000 mOhm"; VariantName = "[No Variations]"
Add component (AddParameter): Name = "RthJA (max)"; Value = "250 K/W"; VariantName = "[No Variations]"
Add component (AddParameter): Name = "VDS (max)"; Value = "60 V"; VariantName = "[No Variations]"
Add component (AddParameter): Name = "VGS(th) (max)"; Value = "2.5Â V"; VariantName = "[No Variations]"
Add component (AddParameter): Name = "VGS(th) (min)"; Value = "1.5Â V"; VariantName = "[No Variations]"
Added Component: Designator=R1(RESC0805(2012)_L)
Add component (AddParameter): Name = "Case-EIA"; Value = "0805"; VariantName = "[No Variations]"
Add component (AddParameter): Name = "Case-Metric"; Value = "2012"; VariantName = "[No Variations]"
Add component (AddParameter): Name = "Power"; Value = "0.125 W"; VariantName = "[No Variations]"
Add component (AddParameter): Name = "Technology"; Value = "SMT"; VariantName = "[No Variations]"
Add component (AddParameter): Name = "Tolerance"; Value = "1 %"; VariantName = "[No Variations]"
Add component (AddParameter): Name = "Value"; Value = "12000.00 Ohm"; VariantName = "[No Variations]"
Added Component: Designator=R2(RESC0805(2012)_L)
Add component (AddParameter): Name = "Case-EIA"; Value = "0805"; VariantName = "[No Variations]"
Add component (AddParameter): Name = "Case-Metric"; Value = "2012"; VariantName = "[No Variations]"
Add component (AddParameter): Name = "Power"; Value = "0.125 W"; VariantName = "[No Variations]"
Add component (AddParameter): Name = "Technology"; Value = "SMT"; VariantName = "[No Variations]"
Add component (AddParameter): Name = "Tolerance"; Value = "1 %"; VariantName = "[No Variations]"
Add component (AddParameter): Name = "Value"; Value = "12000.00 Ohm"; VariantName = "[No Variations]"
Added Component: Designator=R3(RESC0805(2012)_L)
Add component (AddParameter): Name = "Case-EIA"; Value = "0805"; VariantName = "[No Variations]"
Add component (AddParameter): Name = "Case-Metric"; Value = "2012"; VariantName = "[No Variations]"
Add component (AddParameter): Name = "Power"; Value = "0.125 W"; VariantName = "[No Variations]"
Add component (AddParameter): Name = "Technology"; Value = "SMT"; VariantName = "[No Variations]"
Add component (AddParameter): Name = "Tolerance"; Value = "1 %"; VariantName = "[No Variations]"
Add component (AddParameter): Name = "Value"; Value = "12000.00 Ohm"; VariantName = "[No Variations]"
Added Component: Designator=R4(RESC0805(2012)_L)
Add component (AddParameter): Name = "Case-EIA"; Value = "0805"; VariantName = "[No Variations]"
Add component (AddParameter): Name = "Case-Metric"; Value = "2012"; VariantName = "[No Variations]"
Add component (AddParameter): Name = "Power"; Value = "0.125 W"; VariantName = "[No Variations]"
Add component (AddParameter): Name = "Technology"; Value = "SMT"; VariantName = "[No Variations]"
Add component (AddParameter): Name = "Tolerance"; Value = "1 %"; VariantName = "[No Variations]"
Add component (AddParameter): Name = "Value"; Value = "12000.00 Ohm"; VariantName = "[No Variations]"
Added Component: Designator=R5(RESC0805(2012)_L)
Add component (AddParameter): Name = "Case-EIA"; Value = "0805"; VariantName = "[No Variations]"
Add component (AddParameter): Name = "Case-Metric"; Value = "2012"; VariantName = "[No Variations]"
Add component (AddParameter): Name = "Power"; Value = "0.125 W"; VariantName = "[No Variations]"
Add component (AddParameter): Name = "Technology"; Value = "SMT"; VariantName = "[No Variations]"
Add component (AddParameter): Name = "Tolerance"; Value = "1 %"; VariantName = "[No Variations]"
Add component (AddParameter): Name = "Value"; Value = "12000.00 Ohm"; VariantName = "[No Variations]"
Added Component: Designator=R6(RESC0805(2012)_L)
Add component (AddParameter): Name = "Case-EIA"; Value = "0805"; VariantName = "[No Variations]"
Add component (AddParameter): Name = "Case-Metric"; Value = "2012"; VariantName = "[No Variations]"
Add component (AddParameter): Name = "Power"; Value = "0.125 W"; VariantName = "[No Variations]"
Add component (AddParameter): Name = "Technology"; Value = "SMT"; VariantName = "[No Variations]"
Add component (AddParameter): Name = "Tolerance"; Value = "1 %"; VariantName = "[No Variations]"
Add component (AddParameter): Name = "Value"; Value = "12000.00 Ohm"; VariantName = "[No Variations]"
Added Component: Designator=R7(RESC0805(2012)_L)
Add component (AddParameter): Name = "Case-EIA"; Value = "0805"; VariantName = "[No Variations]"
Add component (AddParameter): Name = "Case-Metric"; Value = "2012"; VariantName = "[No Variations]"
Add component (AddParameter): Name = "Power"; Value = "0.125 W"; VariantName = "[No Variations]"
Add component (AddParameter): Name = "Technology"; Value = "SMT"; VariantName = "[No Variations]"
Add component (AddParameter): Name = "Tolerance"; Value = "1 %"; VariantName = "[No Variations]"
Add component (AddParameter): Name = "Value"; Value = "12000.00 Ohm"; VariantName = "[No Variations]"
Added Component: Designator=R8(RESC0805(2012)_L)
Add component (AddParameter): Name = "Case-EIA"; Value = "0805"; VariantName = "[No Variations]"
Add component (AddParameter): Name = "Case-Metric"; Value = "2012"; VariantName = "[No Variations]"
Add component (AddParameter): Name = "Power"; Value = "0.125 W"; VariantName = "[No Variations]"
Add component (AddParameter): Name = "Technology"; Value = "SMT"; VariantName = "[No Variations]"
Add component (AddParameter): Name = "Tolerance"; Value = "1 %"; VariantName = "[No Variations]"
Add component (AddParameter): Name = "Value"; Value = "12000.00 Ohm"; VariantName = "[No Variations]"
Added Component: Designator=R9(RESC0805(2012)_L)
Add component (AddParameter): Name = "Case-EIA"; Value = "0805"; VariantName = "[No Variations]"
Add component (AddParameter): Name = "Case-Metric"; Value = "2012"; VariantName = "[No Variations]"
Add component (AddParameter): Name = "Power"; Value = "0.125 W"; VariantName = "[No Variations]"
Add component (AddParameter): Name = "Technology"; Value = "SMT"; VariantName = "[No Variations]"
Add component (AddParameter): Name = "Tolerance"; Value = "1 %"; VariantName = "[No Variations]"
Add component (AddParameter): Name = "Value"; Value = "12000.00 Ohm"; VariantName = "[No Variations]"
Added Component: Designator=R10(RESC0805(2012)_L)
Add component (AddParameter): Name = "Case-EIA"; Value = "0805"; VariantName = "[No Variations]"
Add component (AddParameter): Name = "Case-Metric"; Value = "2012"; VariantName = "[No Variations]"
Add component (AddParameter): Name = "Power"; Value = "0.125 W"; VariantName = "[No Variations]"
Add component (AddParameter): Name = "Technology"; Value = "SMT"; VariantName = "[No Variations]"
Add component (AddParameter): Name = "Tolerance"; Value = "1 %"; VariantName = "[No Variations]"
Add component (AddParameter): Name = "Value"; Value = "12000.00 Ohm"; VariantName = "[No Variations]"
Added Component: Designator=R11(RESC0805(2012)_L)
Add component (AddParameter): Name = "Case-EIA"; Value = "0805"; VariantName = "[No Variations]"
Add component (AddParameter): Name = "Case-Metric"; Value = "2012"; VariantName = "[No Variations]"
Add component (AddParameter): Name = "Power"; Value = "0.125 W"; VariantName = "[No Variations]"
Add component (AddParameter): Name = "Technology"; Value = "SMT"; VariantName = "[No Variations]"
Add component (AddParameter): Name = "Tolerance"; Value = "1 %"; VariantName = "[No Variations]"
Add component (AddParameter): Name = "Value"; Value = "12000.00 Ohm"; VariantName = "[No Variations]"
Added Component: Designator=R12(RESC0805(2012)_L)
Add component (AddParameter): Name = "Case-EIA"; Value = "0805"; VariantName = "[No Variations]"
Add component (AddParameter): Name = "Case-Metric"; Value = "2012"; VariantName = "[No Variations]"
Add component (AddParameter): Name = "Power"; Value = "0.125 W"; VariantName = "[No Variations]"
Add component (AddParameter): Name = "Technology"; Value = "SMT"; VariantName = "[No Variations]"
Add component (AddParameter): Name = "Tolerance"; Value = "1 %"; VariantName = "[No Variations]"
Add component (AddParameter): Name = "Value"; Value = "12000.00 Ohm"; VariantName = "[No Variations]"
Added Component: Designator=R13(RESC0805(2012)_L)
Add component (AddParameter): Name = "Case-EIA"; Value = "0805"; VariantName = "[No Variations]"
Add component (AddParameter): Name = "Case-Metric"; Value = "2012"; VariantName = "[No Variations]"
Add component (AddParameter): Name = "Power"; Value = "0.125 W"; VariantName = "[No Variations]"
Add component (AddParameter): Name = "Technology"; Value = "SMT"; VariantName = "[No Variations]"
Add component (AddParameter): Name = "Tolerance"; Value = "1 %"; VariantName = "[No Variations]"
Add component (AddParameter): Name = "Value"; Value = "12000.00 Ohm"; VariantName = "[No Variations]"
Added Component: Designator=R14(RESC0805(2012)_L)
Add component (AddParameter): Name = "Case-EIA"; Value = "0805"; VariantName = "[No Variations]"
Add component (AddParameter): Name = "Case-Metric"; Value = "2012"; VariantName = "[No Variations]"
Add component (AddParameter): Name = "Power"; Value = "0.125 W"; VariantName = "[No Variations]"
Add component (AddParameter): Name = "Technology"; Value = "SMT"; VariantName = "[No Variations]"
Add component (AddParameter): Name = "Tolerance"; Value = "1 %"; VariantName = "[No Variations]"
Add component (AddParameter): Name = "Value"; Value = "12000.00 Ohm"; VariantName = "[No Variations]"
Added Component: Designator=R15(RESC0805(2012)_L)
Add component (AddParameter): Name = "Case-EIA"; Value = "0805"; VariantName = "[No Variations]"
Add component (AddParameter): Name = "Case-Metric"; Value = "2012"; VariantName = "[No Variations]"
Add component (AddParameter): Name = "Power"; Value = "0.125 W"; VariantName = "[No Variations]"
Add component (AddParameter): Name = "Technology"; Value = "SMT"; VariantName = "[No Variations]"
Add component (AddParameter): Name = "Tolerance"; Value = "1 %"; VariantName = "[No Variations]"
Add component (AddParameter): Name = "Value"; Value = "12000.00 Ohm"; VariantName = "[No Variations]"
Added Component: Designator=R16(RESC0805(2012)_L)
Add component (AddParameter): Name = "Case-EIA"; Value = "0805"; VariantName = "[No Variations]"
Add component (AddParameter): Name = "Case-Metric"; Value = "2012"; VariantName = "[No Variations]"
Add component (AddParameter): Name = "Power"; Value = "0.125 W"; VariantName = "[No Variations]"
Add component (AddParameter): Name = "Technology"; Value = "SMT"; VariantName = "[No Variations]"
Add component (AddParameter): Name = "Tolerance"; Value = "1 %"; VariantName = "[No Variations]"
Add component (AddParameter): Name = "Value"; Value = "12000.00 Ohm"; VariantName = "[No Variations]"
Added Component: Designator=R17(RESC0805(2012)_L)
Add component (AddParameter): Name = "Case-EIA"; Value = "0805"; VariantName = "[No Variations]"
Add component (AddParameter): Name = "Case-Metric"; Value = "2012"; VariantName = "[No Variations]"
Add component (AddParameter): Name = "Power"; Value = "0.125 W"; VariantName = "[No Variations]"
Add component (AddParameter): Name = "Technology"; Value = "SMT"; VariantName = "[No Variations]"
Add component (AddParameter): Name = "Tolerance"; Value = "1 %"; VariantName = "[No Variations]"
Add component (AddParameter): Name = "Value"; Value = "12000.00 Ohm"; VariantName = "[No Variations]"
Added Component: Designator=R18(RESC0805(2012)_L)
Add component (AddParameter): Name = "Case-EIA"; Value = "0805"; VariantName = "[No Variations]"
Add component (AddParameter): Name = "Case-Metric"; Value = "2012"; VariantName = "[No Variations]"
Add component (AddParameter): Name = "Power"; Value = "0.125 W"; VariantName = "[No Variations]"
Add component (AddParameter): Name = "Technology"; Value = "SMT"; VariantName = "[No Variations]"
Add component (AddParameter): Name = "Tolerance"; Value = "1 %"; VariantName = "[No Variations]"
Add component (AddParameter): Name = "Value"; Value = "12000.00 Ohm"; VariantName = "[No Variations]"
Added Component: Designator=R19(RESC0805(2012)_L)
Add component (AddParameter): Name = "Case-EIA"; Value = "0805"; VariantName = "[No Variations]"
Add component (AddParameter): Name = "Case-Metric"; Value = "2012"; VariantName = "[No Variations]"
Add component (AddParameter): Name = "Power"; Value = "0.125 W"; VariantName = "[No Variations]"
Add component (AddParameter): Name = "Technology"; Value = "SMT"; VariantName = "[No Variations]"
Add component (AddParameter): Name = "Tolerance"; Value = "1 %"; VariantName = "[No Variations]"
Add component (AddParameter): Name = "Value"; Value = "12000.00 Ohm"; VariantName = "[No Variations]"
Added Component: Designator=R20(RESC0805(2012)_L)
Add component (AddParameter): Name = "Case-EIA"; Value = "0805"; VariantName = "[No Variations]"
Add component (AddParameter): Name = "Case-Metric"; Value = "2012"; VariantName = "[No Variations]"
Add component (AddParameter): Name = "Power"; Value = "0.125 W"; VariantName = "[No Variations]"
Add component (AddParameter): Name = "Technology"; Value = "SMT"; VariantName = "[No Variations]"
Add component (AddParameter): Name = "Tolerance"; Value = "1 %"; VariantName = "[No Variations]"
Add component (AddParameter): Name = "Value"; Value = "12000.00 Ohm"; VariantName = "[No Variations]"
Added Component: Designator=R21(RESC0805(2012)_L)
Add component (AddParameter): Name = "Case-EIA"; Value = "0805"; VariantName = "[No Variations]"
Add component (AddParameter): Name = "Case-Metric"; Value = "2012"; VariantName = "[No Variations]"
Add component (AddParameter): Name = "Power"; Value = "0.125 W"; VariantName = "[No Variations]"
Add component (AddParameter): Name = "Technology"; Value = "SMT"; VariantName = "[No Variations]"
Add component (AddParameter): Name = "Tolerance"; Value = "1 %"; VariantName = "[No Variations]"
Add component (AddParameter): Name = "Value"; Value = "12000.00 Ohm"; VariantName = "[No Variations]"
Added Component: Designator=R22(RESC0805(2012)_L)
Add component (AddParameter): Name = "Case-EIA"; Value = "0805"; VariantName = "[No Variations]"
Add component (AddParameter): Name = "Case-Metric"; Value = "2012"; VariantName = "[No Variations]"
Add component (AddParameter): Name = "Power"; Value = "0.125 W"; VariantName = "[No Variations]"
Add component (AddParameter): Name = "Technology"; Value = "SMT"; VariantName = "[No Variations]"
Add component (AddParameter): Name = "Tolerance"; Value = "1 %"; VariantName = "[No Variations]"
Add component (AddParameter): Name = "Value"; Value = "12000.00 Ohm"; VariantName = "[No Variations]"
Added Component: Designator=R23(RESC0805(2012)_L)
Add component (AddParameter): Name = "Case-EIA"; Value = "0805"; VariantName = "[No Variations]"
Add component (AddParameter): Name = "Case-Metric"; Value = "2012"; VariantName = "[No Variations]"
Add component (AddParameter): Name = "Power"; Value = "0.125 W"; VariantName = "[No Variations]"
Add component (AddParameter): Name = "Technology"; Value = "SMT"; VariantName = "[No Variations]"
Add component (AddParameter): Name = "Tolerance"; Value = "1 %"; VariantName = "[No Variations]"
Add component (AddParameter): Name = "Value"; Value = "12000.00 Ohm"; VariantName = "[No Variations]"
Added Component: Designator=R24(RESC0805(2012)_L)
Add component (AddParameter): Name = "Case-EIA"; Value = "0805"; VariantName = "[No Variations]"
Add component (AddParameter): Name = "Case-Metric"; Value = "2012"; VariantName = "[No Variations]"
Add component (AddParameter): Name = "Power"; Value = "0.125 W"; VariantName = "[No Variations]"
Add component (AddParameter): Name = "Technology"; Value = "SMT"; VariantName = "[No Variations]"
Add component (AddParameter): Name = "Tolerance"; Value = "1 %"; VariantName = "[No Variations]"
Add component (AddParameter): Name = "Value"; Value = "12000.00 Ohm"; VariantName = "[No Variations]"
Added Component: Designator=R25(RESC0805(2012)_L)
Add component (AddParameter): Name = "Case-EIA"; Value = "0805"; VariantName = "[No Variations]"
Add component (AddParameter): Name = "Case-Metric"; Value = "2012"; VariantName = "[No Variations]"
Add component (AddParameter): Name = "Power"; Value = "0.125 W"; VariantName = "[No Variations]"
Add component (AddParameter): Name = "Technology"; Value = "SMT"; VariantName = "[No Variations]"
Add component (AddParameter): Name = "Tolerance"; Value = "1 %"; VariantName = "[No Variations]"
Add component (AddParameter): Name = "Value"; Value = "12000.00 Ohm"; VariantName = "[No Variations]"
Added Component: Designator=U1(FP-SSOP24-P-300-0_65A-IPC_A)
Add component (AddParameter): Name = "Case/Package"; Value = "SSOP"; VariantName = "[No Variations]"
Add component (AddParameter): Name = "Interface"; Value = "Parallel"; VariantName = "[No Variations]"
Add component (AddParameter): Name = "Logic Function"; Value = "AND GATE"; VariantName = "[No Variations]"
Add component (AddParameter): Name = "Max Operating Temperature"; Value = "85°C"; VariantName = "[No Variations]"
Add component (AddParameter): Name = "Max Supply Voltage"; Value = "5.5V"; VariantName = "[No Variations]"
Add component (AddParameter): Name = "Min Operating Temperature"; Value = "-20°C"; VariantName = "[No Variations]"
Add component (AddParameter): Name = "Min Supply Voltage"; Value = "2.7V"; VariantName = "[No Variations]"
Add component (AddParameter): Name = "Mount"; Value = "Surface Mount"; VariantName = "[No Variations]"
Add component (AddParameter): Name = "Number of Outputs"; Value = "2"; VariantName = "[No Variations]"
Add component (AddParameter): Name = "Number of Pins"; Value = "24"; VariantName = "[No Variations]"
Add component (AddParameter): Name = "Operating Supply Voltage"; Value = "3V"; VariantName = "[No Variations]"
Add component (AddParameter): Name = "Output Current"; Value = "1A"; VariantName = "[No Variations]"
Add component (AddParameter): Name = "Package Quantity"; Value = "1"; VariantName = "[No Variations]"
Add component (AddParameter): Name = "Packaging"; Value = "Tape and Reel"; VariantName = "[No Variations]"
Add component (AddParameter): Name = "Series"; Value = "-"; VariantName = "[No Variations]"
Added Component: Designator=U2(ONSC-SOIC-14-751A-03_V)
Add component (AddParameter): Name = "ComponentLink1Description"; Value = "Manufacturer URL"; VariantName = "[No Variations]"
Add component (AddParameter): Name = "ComponentLink1URL"; Value = "http://www.onsemi.com/"; VariantName = "[No Variations]"
Add component (AddParameter): Name = "ComponentLink2Description"; Value = "Datasheet"; VariantName = "[No Variations]"
Add component (AddParameter): Name = "ComponentLink2URL"; Value = "http://www.onsemi.com/pub_link/Collateral/LM339-D.PDF"; VariantName = "[No Variations]"
Add component (AddParameter): Name = "ComponentLink3Description"; Value = "Package Specification"; VariantName = "[No Variations]"
Add component (AddParameter): Name = "ComponentLink3URL"; Value = "http://www.onsemi.com/pub_link/Collateral/751A-03.PDF"; VariantName = "[No Variations]"
Add component (AddParameter): Name = "DatasheetVersion"; Value = "Rev. 20"; VariantName = "[No Variations]"
Add component (AddParameter): Name = "IO Typ (mA)"; Value = "16"; VariantName = "[No Variations]"
Add component (AddParameter): Name = "Manufacturer"; Value = "On Semiconductor"; VariantName = "[No Variations]"
Add component (AddParameter): Name = "Mounting Technology"; Value = "Surface Mount"; VariantName = "[No Variations]"
Add component (AddParameter): Name = "PackageDescription"; Value = "14-Pin Small Outline Integrated Circuit, Body 8.65 x 3.9 mm, Pitch 1.27 mm"; VariantName = "[No Variations]"
Add component (AddParameter): Name = "PackageReference"; Value = "SOIC-14-751A-03"; VariantName = "[No Variations]"
Add component (AddParameter): Name = "PackageVersion"; Value = "Rev. K, 05/2011"; VariantName = "[No Variations]"
Add component (AddParameter): Name = "Packing"; Value = "Tape and Reel"; VariantName = "[No Variations]"
Add component (AddParameter): Name = "PartNumber"; Value = "LM339DR2G"; VariantName = "[No Variations]"
Add component (AddParameter): Name = "RoHS"; Value = "TRUE"; VariantName = "[No Variations]"
Added Component: Designator=U3(SOIC180P460X187-4N)
Add component (AddParameter): Name = "Availability"; Value = "In Stock"; VariantName = "[No Variations]"
Add component (AddParameter): Name = "Check_prices"; Value = "https://www.snapeda.com/parts/QRE1113GR/Onsemi/view-part/?ref=eda"; VariantName = "[No Variations]"
Add component (AddParameter): Name = "MF"; Value = "ON Semiconductor"; VariantName = "[No Variations]"
Add component (AddParameter): Name = "MP"; Value = "QRE1113GR"; VariantName = "[No Variations]"
Add component (AddParameter): Name = "Package"; Value = "ARUSM-313-4 ON Semiconductor"; VariantName = "[No Variations]"
Add component (AddParameter): Name = "Price"; Value = "None"; VariantName = "[No Variations]"
Add component (AddParameter): Name = "Purchase-URL"; Value = "https://pricing.snapeda.com/search/part/QRE1113GR/?ref=eda"; VariantName = "[No Variations]"
Add component (AddParameter): Name = "SnapEDA_Link"; Value = "https://www.snapeda.com/parts/QRE1113GR/Onsemi/view-part/?ref=snap"; VariantName = "[No Variations]"
Add component (AddParameter): Name = "Value"; Value = ""; VariantName = "[No Variations]"
Added Component: Designator=U4(ONSC-SOIC-14-751A-03_V)
Add component (AddParameter): Name = "ComponentLink1Description"; Value = "Manufacturer URL"; VariantName = "[No Variations]"
Add component (AddParameter): Name = "ComponentLink1URL"; Value = "http://www.onsemi.com/"; VariantName = "[No Variations]"
Add component (AddParameter): Name = "ComponentLink2Description"; Value = "Datasheet"; VariantName = "[No Variations]"
Add component (AddParameter): Name = "ComponentLink2URL"; Value = "http://www.onsemi.com/pub_link/Collateral/LM339-D.PDF"; VariantName = "[No Variations]"
Add component (AddParameter): Name = "ComponentLink3Description"; Value = "Package Specification"; VariantName = "[No Variations]"
Add component (AddParameter): Name = "ComponentLink3URL"; Value = "http://www.onsemi.com/pub_link/Collateral/751A-03.PDF"; VariantName = "[No Variations]"
Add component (AddParameter): Name = "DatasheetVersion"; Value = "Rev. 20"; VariantName = "[No Variations]"
Add component (AddParameter): Name = "IO Typ (mA)"; Value = "16"; VariantName = "[No Variations]"
Add component (AddParameter): Name = "Manufacturer"; Value = "On Semiconductor"; VariantName = "[No Variations]"
Add component (AddParameter): Name = "Mounting Technology"; Value = "Surface Mount"; VariantName = "[No Variations]"
Add component (AddParameter): Name = "PackageDescription"; Value = "14-Pin Small Outline Integrated Circuit, Body 8.65 x 3.9 mm, Pitch 1.27 mm"; VariantName = "[No Variations]"
Add component (AddParameter): Name = "PackageReference"; Value = "SOIC-14-751A-03"; VariantName = "[No Variations]"
Add component (AddParameter): Name = "PackageVersion"; Value = "Rev. K, 05/2011"; VariantName = "[No Variations]"
Add component (AddParameter): Name = "Packing"; Value = "Tape and Reel"; VariantName = "[No Variations]"
Add component (AddParameter): Name = "PartNumber"; Value = "LM339DR2G"; VariantName = "[No Variations]"
Add component (AddParameter): Name = "RoHS"; Value = "TRUE"; VariantName = "[No Variations]"
Added Component: Designator=U5(SOIC180P460X187-4N)
Add component (AddParameter): Name = "Availability"; Value = "In Stock"; VariantName = "[No Variations]"
Add component (AddParameter): Name = "Check_prices"; Value = "https://www.snapeda.com/parts/QRE1113GR/Onsemi/view-part/?ref=eda"; VariantName = "[No Variations]"
Add component (AddParameter): Name = "MF"; Value = "ON Semiconductor"; VariantName = "[No Variations]"
Add component (AddParameter): Name = "MP"; Value = "QRE1113GR"; VariantName = "[No Variations]"
Add component (AddParameter): Name = "Package"; Value = "ARUSM-313-4 ON Semiconductor"; VariantName = "[No Variations]"
Add component (AddParameter): Name = "Price"; Value = "None"; VariantName = "[No Variations]"
Add component (AddParameter): Name = "Purchase-URL"; Value = "https://pricing.snapeda.com/search/part/QRE1113GR/?ref=eda"; VariantName = "[No Variations]"
Add component (AddParameter): Name = "SnapEDA_Link"; Value = "https://www.snapeda.com/parts/QRE1113GR/Onsemi/view-part/?ref=snap"; VariantName = "[No Variations]"
Add component (AddParameter): Name = "Value"; Value = ""; VariantName = "[No Variations]"
Added Component: Designator=U7(SOIC180P460X187-4N)
Add component (AddParameter): Name = "Availability"; Value = "In Stock"; VariantName = "[No Variations]"
Add component (AddParameter): Name = "Check_prices"; Value = "https://www.snapeda.com/parts/QRE1113GR/Onsemi/view-part/?ref=eda"; VariantName = "[No Variations]"
Add component (AddParameter): Name = "MF"; Value = "ON Semiconductor"; VariantName = "[No Variations]"
Add component (AddParameter): Name = "MP"; Value = "QRE1113GR"; VariantName = "[No Variations]"
Add component (AddParameter): Name = "Package"; Value = "ARUSM-313-4 ON Semiconductor"; VariantName = "[No Variations]"
Add component (AddParameter): Name = "Price"; Value = "None"; VariantName = "[No Variations]"
Add component (AddParameter): Name = "Purchase-URL"; Value = "https://pricing.snapeda.com/search/part/QRE1113GR/?ref=eda"; VariantName = "[No Variations]"
Add component (AddParameter): Name = "SnapEDA_Link"; Value = "https://www.snapeda.com/parts/QRE1113GR/Onsemi/view-part/?ref=snap"; VariantName = "[No Variations]"
Add component (AddParameter): Name = "Value"; Value = ""; VariantName = "[No Variations]"
Added Component: Designator=U9(SOIC180P460X187-4N)
Add component (AddParameter): Name = "Availability"; Value = "In Stock"; VariantName = "[No Variations]"
Add component (AddParameter): Name = "Check_prices"; Value = "https://www.snapeda.com/parts/QRE1113GR/Onsemi/view-part/?ref=eda"; VariantName = "[No Variations]"
Add component (AddParameter): Name = "MF"; Value = "ON Semiconductor"; VariantName = "[No Variations]"
Add component (AddParameter): Name = "MP"; Value = "QRE1113GR"; VariantName = "[No Variations]"
Add component (AddParameter): Name = "Package"; Value = "ARUSM-313-4 ON Semiconductor"; VariantName = "[No Variations]"
Add component (AddParameter): Name = "Price"; Value = "None"; VariantName = "[No Variations]"
Add component (AddParameter): Name = "Purchase-URL"; Value = "https://pricing.snapeda.com/search/part/QRE1113GR/?ref=eda"; VariantName = "[No Variations]"
Add component (AddParameter): Name = "SnapEDA_Link"; Value = "https://www.snapeda.com/parts/QRE1113GR/Onsemi/view-part/?ref=snap"; VariantName = "[No Variations]"
Add component (AddParameter): Name = "Value"; Value = ""; VariantName = "[No Variations]"
Added Component: Designator=U11(SOIC180P460X187-4N)
Add component (AddParameter): Name = "Availability"; Value = "In Stock"; VariantName = "[No Variations]"
Add component (AddParameter): Name = "Check_prices"; Value = "https://www.snapeda.com/parts/QRE1113GR/Onsemi/view-part/?ref=eda"; VariantName = "[No Variations]"
Add component (AddParameter): Name = "MF"; Value = "ON Semiconductor"; VariantName = "[No Variations]"
Add component (AddParameter): Name = "MP"; Value = "QRE1113GR"; VariantName = "[No Variations]"
Add component (AddParameter): Name = "Package"; Value = "ARUSM-313-4 ON Semiconductor"; VariantName = "[No Variations]"
Add component (AddParameter): Name = "Price"; Value = "None"; VariantName = "[No Variations]"
Add component (AddParameter): Name = "Purchase-URL"; Value = "https://pricing.snapeda.com/search/part/QRE1113GR/?ref=eda"; VariantName = "[No Variations]"
Add component (AddParameter): Name = "SnapEDA_Link"; Value = "https://www.snapeda.com/parts/QRE1113GR/Onsemi/view-part/?ref=snap"; VariantName = "[No Variations]"
Add component (AddParameter): Name = "Value"; Value = ""; VariantName = "[No Variations]"
Added Component: Designator=U12(32A_L)
Add component (AddParameter): Name = "Code_JEDEC"; Value = "MS-026-ABA"; VariantName = "[No Variations]"
Add component (AddParameter): Name = "ComponentLink1Description"; Value = "Manufacturer URL"; VariantName = "[No Variations]"
Add component (AddParameter): Name = "ComponentLink1URL"; Value = "http://www.atmel.com/"; VariantName = "[No Variations]"
Add component (AddParameter): Name = "ComponentLink2Description"; Value = "ATmega48A/48PA/88A/88PA/168A/168PA/328/328P Datasheet"; VariantName = "[No Variations]"
Add component (AddParameter): Name = "ComponentLink2URL"; Value = "http://www.atmel.com/dyn/resources/prod_documents/doc8271.pdf"; VariantName = "[No Variations]"
Add component (AddParameter): Name = "ComponentLink3Description"; Value = "ATmega48A/48PA/88A/88PA/168A/168PA/328/328P Summary"; VariantName = "[No Variations]"
Add component (AddParameter): Name = "ComponentLink3URL"; Value = "http://www.atmel.com/dyn/resources/prod_documents/8271S.pdf"; VariantName = "[No Variations]"
Add component (AddParameter): Name = "DatasheetVersion"; Value = "revD, May-2011"; VariantName = "[No Variations]"
Add component (AddParameter): Name = "PackageDescription"; Value = "32-Lead, 7x7x1.0 mm Body, 0.8mm Lead Pitch, Thin Profile Plastic Quad Flat Package (TQFP)"; VariantName = "[No Variations]"
Add component (AddParameter): Name = "PackageReference"; Value = "32A"; VariantName = "[No Variations]"
Add component (AddParameter): Name = "PackageVersion"; Value = "revC, Oct-2010"; VariantName = "[No Variations]"
Add component (AddParameter): Name = "RevisionNote"; Value = "DatasheetVersion & PackageVersion updated. URLs added."; VariantName = "[No Variations]"
Added Component: Designator=U14(SOIC180P460X187-4N)
Add component (AddParameter): Name = "Availability"; Value = "In Stock"; VariantName = "[No Variations]"
Add component (AddParameter): Name = "Check_prices"; Value = "https://www.snapeda.com/parts/QRE1113GR/Onsemi/view-part/?ref=eda"; VariantName = "[No Variations]"
Add component (AddParameter): Name = "MF"; Value = "ON Semiconductor"; VariantName = "[No Variations]"
Add component (AddParameter): Name = "MP"; Value = "QRE1113GR"; VariantName = "[No Variations]"
Add component (AddParameter): Name = "Package"; Value = "ARUSM-313-4 ON Semiconductor"; VariantName = "[No Variations]"
Add component (AddParameter): Name = "Price"; Value = "None"; VariantName = "[No Variations]"
Add component (AddParameter): Name = "Purchase-URL"; Value = "https://pricing.snapeda.com/search/part/QRE1113GR/?ref=eda"; VariantName = "[No Variations]"
Add component (AddParameter): Name = "SnapEDA_Link"; Value = "https://www.snapeda.com/parts/QRE1113GR/Onsemi/view-part/?ref=snap"; VariantName = "[No Variations]"
Add component (AddParameter): Name = "Value"; Value = ""; VariantName = "[No Variations]"
Added Component: Designator=U16(SOIC180P460X187-4N)
Add component (AddParameter): Name = "Availability"; Value = "In Stock"; VariantName = "[No Variations]"
Add component (AddParameter): Name = "Check_prices"; Value = "https://www.snapeda.com/parts/QRE1113GR/Onsemi/view-part/?ref=eda"; VariantName = "[No Variations]"
Add component (AddParameter): Name = "MF"; Value = "ON Semiconductor"; VariantName = "[No Variations]"
Add component (AddParameter): Name = "MP"; Value = "QRE1113GR"; VariantName = "[No Variations]"
Add component (AddParameter): Name = "Package"; Value = "ARUSM-313-4 ON Semiconductor"; VariantName = "[No Variations]"
Add component (AddParameter): Name = "Price"; Value = "None"; VariantName = "[No Variations]"
Add component (AddParameter): Name = "Purchase-URL"; Value = "https://pricing.snapeda.com/search/part/QRE1113GR/?ref=eda"; VariantName = "[No Variations]"
Add component (AddParameter): Name = "SnapEDA_Link"; Value = "https://www.snapeda.com/parts/QRE1113GR/Onsemi/view-part/?ref=snap"; VariantName = "[No Variations]"
Add component (AddParameter): Name = "Value"; Value = ""; VariantName = "[No Variations]"
Added Component: Designator=U18(SOIC180P460X187-4N)
Add component (AddParameter): Name = "Availability"; Value = "In Stock"; VariantName = "[No Variations]"
Add component (AddParameter): Name = "Check_prices"; Value = "https://www.snapeda.com/parts/QRE1113GR/Onsemi/view-part/?ref=eda"; VariantName = "[No Variations]"
Add component (AddParameter): Name = "MF"; Value = "ON Semiconductor"; VariantName = "[No Variations]"
Add component (AddParameter): Name = "MP"; Value = "QRE1113GR"; VariantName = "[No Variations]"
Add component (AddParameter): Name = "Package"; Value = "ARUSM-313-4 ON Semiconductor"; VariantName = "[No Variations]"
Add component (AddParameter): Name = "Price"; Value = "None"; VariantName = "[No Variations]"
Add component (AddParameter): Name = "Purchase-URL"; Value = "https://pricing.snapeda.com/search/part/QRE1113GR/?ref=eda"; VariantName = "[No Variations]"
Add component (AddParameter): Name = "SnapEDA_Link"; Value = "https://www.snapeda.com/parts/QRE1113GR/Onsemi/view-part/?ref=snap"; VariantName = "[No Variations]"
Add component (AddParameter): Name = "Value"; Value = ""; VariantName = "[No Variations]"
Added Component: Designator=U19(SOT230P700X180-4N)
Add component (AddParameter): Name = "Availability"; Value = "Unavailable"; VariantName = "[No Variations]"
Add component (AddParameter): Name = "DigiKey-Purchase-URL"; Value = "https://snapeda.com/shop?store=DigiKey&id=22380"; VariantName = "[No Variations]"
Add component (AddParameter): Name = "MF"; Value = "Texas Instruments"; VariantName = "[No Variations]"
Add component (AddParameter): Name = "Mouser-Purchase-URL"; Value = "https://snapeda.com/shop?store=Mouser&id=22380"; VariantName = "[No Variations]"
Add component (AddParameter): Name = "MP"; Value = "LM1117MP-5.0/NOPB"; VariantName = "[No Variations]"
Add component (AddParameter): Name = "Package"; Value = "SOT-223-4 Texas Instruments"; VariantName = "[No Variations]"
Add component (AddParameter): Name = "Price"; Value = "None"; VariantName = "[No Variations]"
Add component (AddParameter): Name = "SnapEDA_Link"; Value = "https://www.snapeda.com/parts/LM1117MP-5.0/NOPB/Texas%20Instruments/view-part/22380/?ref=snap"; VariantName = "[No Variations]"
Add component (AddParameter): Name = "Texas_Instruments-Purchase-URL"; Value = "https://snapeda.com/shop?store=Texas+Instruments&id=22380"; VariantName = "[No Variations]"
Add component (AddParameter): Name = "Value"; Value = ""; VariantName = "[No Variations]"
Added Component: Designator=VR1(BOUR-3362P)
Add component (AddParameter): Name = "Case Code (Imperial)"; Value = "0612"; VariantName = "[No Variations]"
Add component (AddParameter): Name = "Case Code (Metric)"; Value = "1632"; VariantName = "[No Variations]"
Add component (AddParameter): Name = "Case/Package"; Value = "1206"; VariantName = "[No Variations]"
Add component (AddParameter): Name = "ComponentLink1Description"; Value = "Manufacturer URL"; VariantName = "[No Variations]"
Add component (AddParameter): Name = "ComponentLink1URL"; Value = "http://www.bourns.com/"; VariantName = "[No Variations]"
Add component (AddParameter): Name = "ComponentLink2Description"; Value = "Datasheet"; VariantName = "[No Variations]"
Add component (AddParameter): Name = "ComponentLink2URL"; Value = "http://www.bourns.com/docs/Product-Datasheets/3362.pdf"; VariantName = "[No Variations]"
Add component (AddParameter): Name = "DatasheetVersion"; Value = "May-16"; VariantName = "[No Variations]"
Add component (AddParameter): Name = "Height"; Value = "0.6 mm"; VariantName = "[No Variations]"
Add component (AddParameter): Name = "Length"; Value = "3.2 mm"; VariantName = "[No Variations]"
Add component (AddParameter): Name = "Max Operating Temperature"; Value = "125degC"; VariantName = "[No Variations]"
Add component (AddParameter): Name = "Min Operating Temperature"; Value = "-25degC"; VariantName = "[No Variations]"
Add component (AddParameter): Name = "Mount"; Value = "Surface Mount"; VariantName = "[No Variations]"
Add component (AddParameter): Name = "Package Quantity"; Value = "5000"; VariantName = "[No Variations]"
Add component (AddParameter): Name = "PackageDescription"; Value = "3-Pin Through Hole Device, Body 6.6 x 6.99 mm, Pitch 2.54 mm"; VariantName = "[No Variations]"
Add component (AddParameter): Name = "PackageReference"; Value = "3326P"; VariantName = "[No Variations]"
Add component (AddParameter): Name = "Packaging"; Value = "Tape and Reel"; VariantName = "[No Variations]"
Add component (AddParameter): Name = "Pins"; Value = "2"; VariantName = "[No Variations]"
Add component (AddParameter): Name = "Power Rating"; Value = "1 W"; VariantName = "[No Variations]"
Add component (AddParameter): Name = "REACH SVHC"; Value = "No SVHC"; VariantName = "[No Variations]"
Add component (AddParameter): Name = "Resistance"; Value = "50 mohm"; VariantName = "[No Variations]"
Add component (AddParameter): Name = "RoHSCompliant"; Value = "True"; VariantName = "[No Variations]"
Add component (AddParameter): Name = "Tolerance"; Value = "1%"; VariantName = "[No Variations]"
Add component (AddParameter): Name = "Voltage Rating"; Value = "220 mV"; VariantName = "[No Variations]"
Add component (AddParameter): Name = "Width"; Value = "1.6 mm"; VariantName = "[No Variations]"
Added Component: Designator=X1(XTAL_HC49P488W46L1150T500H350)
Add component (AddParameter): Name = "Availability"; Value = "In Stock"; VariantName = "[No Variations]"
Add component (AddParameter): Name = "Check_prices"; Value = "https://www.snapeda.com/parts/ABL-16.000MHZ/Abracon/view-part/?ref=eda"; VariantName = "[No Variations]"
Add component (AddParameter): Name = "MF"; Value = "Abracon Corporation"; VariantName = "[No Variations]"
Add component (AddParameter): Name = "MP"; Value = "ABL-16.000MHZ"; VariantName = "[No Variations]"
Add component (AddParameter): Name = "Package"; Value = "None"; VariantName = "[No Variations]"
Add component (AddParameter): Name = "Price"; Value = "None"; VariantName = "[No Variations]"
Add component (AddParameter): Name = "Purchase-URL"; Value = "https://pricing.snapeda.com/search/part/ABL-16.000MHZ/?ref=eda"; VariantName = "[No Variations]"
Add component (AddParameter): Name = "SnapEDA_Link"; Value = "https://www.snapeda.com/parts/ABL-16.000MHZ/Abracon/view-part/?ref=snap"; VariantName = "[No Variations]"
Add component (AddParameter): Name = "Value"; Value = ""; VariantName = "[No Variations]"
Added Pin To Net: NetName=GND Pin=C1-1
Added Pin To Net: NetName=+5 Pin=C1-2
Added Pin To Net: NetName=GND Pin=C2-1
Added Pin To Net: NetName=+BAT Pin=C2-2
Added Pin To Net: NetName=GND Pin=C3-1
Added Pin To Net: NetName=+BAT Pin=C3-2
Added Pin To Net: NetName=GND Pin=C4-1
Added Pin To Net: NetName=+5 Pin=C4-2
Added Pin To Net: NetName=GND Pin=C5-1
Added Pin To Net: NetName=GND Pin=C6-1
Added Pin To Net: NetName=+BAT Pin=C6-2
Added Pin To Net: NetName=GND Pin=C7-1
Added Pin To Net: NetName=+5 Pin=C7-2
Added Pin To Net: NetName=GND Pin=C8-1
Added Pin To Net: NetName=+5 Pin=C8-2
Added Pin To Net: NetName=GND Pin=C9-1
Added Pin To Net: NetName=+5 Pin=C9-2
Added Pin To Net: NetName=GND Pin=C10-1
Added Pin To Net: NetName=+5 Pin=C10-2
Added Pin To Net: NetName=GND Pin=C11-1
Added Pin To Net: NetName=GND Pin=C12-2
Added Pin To Net: NetName=GND Pin=C13-2
Added Pin To Net: NetName=+BAT Pin=D1-1
Added Pin To Net: NetName=MISO Pin=J1-01
Added Pin To Net: NetName=+5 Pin=J1-02
Added Pin To Net: NetName=SCK Pin=J1-03
Added Pin To Net: NetName=MOSI Pin=J1-04
Added Pin To Net: NetName=RST Pin=J1-05
Added Pin To Net: NetName=GND Pin=J1-06
Added Pin To Net: NetName=GND Pin=J2-01
Added Pin To Net: NetName=D8 Pin=J2-02
Added Pin To Net: NetName=D7 Pin=J2-03
Added Pin To Net: NetName=D6 Pin=J2-04
Added Pin To Net: NetName=D5 Pin=J2-05
Added Pin To Net: NetName=D4 Pin=J2-06
Added Pin To Net: NetName=D3 Pin=J2-07
Added Pin To Net: NetName=D2 Pin=J2-08
Added Pin To Net: NetName=D1 Pin=J2-09
Added Pin To Net: NetName=LED Pin=J3-01
Added Pin To Net: NetName=GND Pin=J3-12
Added Pin To Net: NetName=GND Pin=P1-2
Added Pin To Net: NetName=+BAT Pin=Q1-2
Added Pin To Net: NetName=LED_ON Pin=Q2-1
Added Pin To Net: NetName=+5 Pin=Q2-3
Added Pin To Net: NetName=+5 Pin=R1-2
Added Pin To Net: NetName=+5 Pin=R2-2
Added Pin To Net: NetName=LED Pin=R3-1
Added Pin To Net: NetName=+5 Pin=R4-2
Added Pin To Net: NetName=+5 Pin=R5-2
Added Pin To Net: NetName=+5 Pin=R6-2
Added Pin To Net: NetName=+5 Pin=R7-2
Added Pin To Net: NetName=LED Pin=R8-1
Added Pin To Net: NetName=+5 Pin=R9-2
Added Pin To Net: NetName=GND Pin=R10-1
Added Pin To Net: NetName=+5 Pin=R11-2
Added Pin To Net: NetName=LED_ON Pin=R12-1
Added Pin To Net: NetName=+5 Pin=R12-2
Added Pin To Net: NetName=+5 Pin=R13-2
Added Pin To Net: NetName=NetR14_1 Pin=R14-1
Added Pin To Net: NetName=+5 Pin=R14-2
Added Pin To Net: NetName=NetR15_1 Pin=R15-1
Added Pin To Net: NetName=+BAT Pin=R15-2
Added Pin To Net: NetName=LED Pin=R16-1
Added Pin To Net: NetName=NetR16_2 Pin=R16-2
Added Pin To Net: NetName=+5 Pin=R17-2
Added Pin To Net: NetName=GND Pin=R18-1
Added Pin To Net: NetName=NetR15_1 Pin=R18-2
Added Pin To Net: NetName=NetR19_1 Pin=R19-1
Added Pin To Net: NetName=+5 Pin=R19-2
Added Pin To Net: NetName=+5 Pin=R20-1
Added Pin To Net: NetName=RST Pin=R20-2
Added Pin To Net: NetName=+5 Pin=R21-2
Added Pin To Net: NetName=NetR22_1 Pin=R22-1
Added Pin To Net: NetName=+5 Pin=R22-2
Added Pin To Net: NetName=LED Pin=R23-1
Added Pin To Net: NetName=NetR23_2 Pin=R23-2
Added Pin To Net: NetName=+5 Pin=R24-2
Added Pin To Net: NetName=NetR25_1 Pin=R25-1
Added Pin To Net: NetName=+5 Pin=R25-2
Added Pin To Net: NetName=GND Pin=U1-3
Added Pin To Net: NetName=GND Pin=U1-4
Added Pin To Net: NetName=GND Pin=U1-9
Added Pin To Net: NetName=GND Pin=U1-10
Added Pin To Net: NetName=+BAT Pin=U1-13
Added Pin To Net: NetName=+BAT Pin=U1-14
Added Pin To Net: NetName=B_PWM Pin=U1-15
Added Pin To Net: NetName=B_DIR Pin=U1-16
Added Pin To Net: NetName=/B_DIR Pin=U1-17
Added Pin To Net: NetName=GND Pin=U1-18
Added Pin To Net: NetName=+5 Pin=U1-19
Added Pin To Net: NetName=+5 Pin=U1-20
Added Pin To Net: NetName=/A_DIR Pin=U1-21
Added Pin To Net: NetName=A_DIR Pin=U1-22
Added Pin To Net: NetName=A_PWM Pin=U1-23
Added Pin To Net: NetName=+BAT Pin=U1-24
Added Pin To Net: NetName=+5 Pin=U2-3
Added Pin To Net: NetName=GND Pin=U2-12
Added Pin To Net: NetName=NetU3_2 Pin=U3-2
Added Pin To Net: NetName=GND Pin=U3-4
Added Pin To Net: NetName=+5 Pin=U4-3
Added Pin To Net: NetName=NetR14_1 Pin=U4-5
Added Pin To Net: NetName=NetR19_1 Pin=U4-7
Added Pin To Net: NetName=NetR22_1 Pin=U4-9
Added Pin To Net: NetName=NetR25_1 Pin=U4-11
Added Pin To Net: NetName=GND Pin=U4-12
Added Pin To Net: NetName=NetU3_2 Pin=U5-1
Added Pin To Net: NetName=GND Pin=U5-2
Added Pin To Net: NetName=GND Pin=U5-4
Added Pin To Net: NetName=NetU7_2 Pin=U7-2
Added Pin To Net: NetName=GND Pin=U7-4
Added Pin To Net: NetName=NetU7_2 Pin=U9-1
Added Pin To Net: NetName=GND Pin=U9-2
Added Pin To Net: NetName=GND Pin=U9-4
Added Pin To Net: NetName=NetR16_2 Pin=U11-1
Added Pin To Net: NetName=NetU11_2 Pin=U11-2
Added Pin To Net: NetName=NetR14_1 Pin=U11-3
Added Pin To Net: NetName=GND Pin=U11-4
Added Pin To Net: NetName=D4 Pin=U12-1
Added Pin To Net: NetName=D5 Pin=U12-2
Added Pin To Net: NetName=GND Pin=U12-3
Added Pin To Net: NetName=+5 Pin=U12-4
Added Pin To Net: NetName=GND Pin=U12-5
Added Pin To Net: NetName=+5 Pin=U12-6
Added Pin To Net: NetName=A_PWM Pin=U12-9
Added Pin To Net: NetName=B_PWM Pin=U12-10
Added Pin To Net: NetName=D6 Pin=U12-11
Added Pin To Net: NetName=D7 Pin=U12-12
Added Pin To Net: NetName=D8 Pin=U12-13
Added Pin To Net: NetName=LED_ON Pin=U12-14
Added Pin To Net: NetName=MOSI Pin=U12-15
Added Pin To Net: NetName=MISO Pin=U12-16
Added Pin To Net: NetName=SCK Pin=U12-17
Added Pin To Net: NetName=+5 Pin=U12-18
Added Pin To Net: NetName=NetR15_1 Pin=U12-19
Added Pin To Net: NetName=GND Pin=U12-21
Added Pin To Net: NetName=/A_DIR Pin=U12-23
Added Pin To Net: NetName=A_DIR Pin=U12-24
Added Pin To Net: NetName=/B_DIR Pin=U12-25
Added Pin To Net: NetName=B_DIR Pin=U12-26
Added Pin To Net: NetName=RST Pin=U12-29
Added Pin To Net: NetName=D1 Pin=U12-30
Added Pin To Net: NetName=D2 Pin=U12-31
Added Pin To Net: NetName=D3 Pin=U12-32
Added Pin To Net: NetName=NetU11_2 Pin=U14-1
Added Pin To Net: NetName=GND Pin=U14-2
Added Pin To Net: NetName=NetR19_1 Pin=U14-3
Added Pin To Net: NetName=GND Pin=U14-4
Added Pin To Net: NetName=NetR23_2 Pin=U16-1
Added Pin To Net: NetName=NetU16_2 Pin=U16-2
Added Pin To Net: NetName=NetR22_1 Pin=U16-3
Added Pin To Net: NetName=GND Pin=U16-4
Added Pin To Net: NetName=NetU16_2 Pin=U18-1
Added Pin To Net: NetName=GND Pin=U18-2
Added Pin To Net: NetName=NetR25_1 Pin=U18-3
Added Pin To Net: NetName=GND Pin=U18-4
Added Pin To Net: NetName=GND Pin=U19-1
Added Pin To Net: NetName=+5 Pin=U19-2
Added Pin To Net: NetName=+BAT Pin=U19-3
Added Pin To Net: NetName=+5 Pin=U19-4
Added Pin To Net: NetName=GND Pin=VR1-1
Added Pin To Net: NetName=+5 Pin=VR1-3
Added Pin To Net: NetName=+5_LED Pin=J2-12
Added Pin To Net: NetName=+5_LED Pin=Q2-2
Added Net: Name=+5_LED
Added Pin To Net: NetName=BAT Pin=P1-1
Added Pin To Net: NetName=BAT Pin=Q1-3
Added Net: Name=BAT
Added Pin To Net: NetName=IR_D1 Pin=J3-04
Added Pin To Net: NetName=IR_D1 Pin=R1-1
Added Pin To Net: NetName=IR_D1 Pin=U2-2
Added Net: Name=IR_D1
Added Pin To Net: NetName=IR_D2 Pin=J3-05
Added Pin To Net: NetName=IR_D2 Pin=R4-1
Added Pin To Net: NetName=IR_D2 Pin=U2-1
Added Net: Name=IR_D2
Added Pin To Net: NetName=IR_D3 Pin=J3-06
Added Pin To Net: NetName=IR_D3 Pin=R6-1
Added Pin To Net: NetName=IR_D3 Pin=U2-14
Added Net: Name=IR_D3
Added Pin To Net: NetName=IR_D4 Pin=J3-07
Added Pin To Net: NetName=IR_D4 Pin=R9-1
Added Pin To Net: NetName=IR_D4 Pin=U2-13
Added Net: Name=IR_D4
Added Pin To Net: NetName=IR_D5 Pin=J3-08
Added Pin To Net: NetName=IR_D5 Pin=R13-1
Added Pin To Net: NetName=IR_D5 Pin=U4-2
Added Net: Name=IR_D5
Added Pin To Net: NetName=IR_D6 Pin=J3-09
Added Pin To Net: NetName=IR_D6 Pin=R17-1
Added Pin To Net: NetName=IR_D6 Pin=U4-1
Added Net: Name=IR_D6
Added Pin To Net: NetName=IR_D7 Pin=J3-10
Added Pin To Net: NetName=IR_D7 Pin=R21-1
Added Pin To Net: NetName=IR_D7 Pin=U4-14
Added Net: Name=IR_D7
Added Pin To Net: NetName=IR_D8 Pin=J3-11
Added Pin To Net: NetName=IR_D8 Pin=R24-1
Added Pin To Net: NetName=IR_D8 Pin=U4-13
Added Net: Name=IR_D8
Added Pin To Net: NetName=NetC5_2 Pin=C5-2
Added Pin To Net: NetName=NetC5_2 Pin=U2-4
Added Pin To Net: NetName=NetC5_2 Pin=U2-6
Added Pin To Net: NetName=NetC5_2 Pin=U2-8
Added Pin To Net: NetName=NetC5_2 Pin=U2-10
Added Pin To Net: NetName=NetC5_2 Pin=U4-4
Added Pin To Net: NetName=NetC5_2 Pin=U4-6
Added Pin To Net: NetName=NetC5_2 Pin=U4-8
Added Pin To Net: NetName=NetC5_2 Pin=U4-10
Added Pin To Net: NetName=NetC5_2 Pin=VR1-2
Added Net: Name=NetC5_2
Added Pin To Net: NetName=NetC11_2 Pin=C11-2
Added Pin To Net: NetName=NetC11_2 Pin=U12-20
Added Net: Name=NetC11_2
Added Pin To Net: NetName=NetC12_1 Pin=C12-1
Added Pin To Net: NetName=NetC12_1 Pin=U12-7
Added Pin To Net: NetName=NetC12_1 Pin=X1-2
Added Net: Name=NetC12_1
Added Pin To Net: NetName=NetC13_1 Pin=C13-1
Added Pin To Net: NetName=NetC13_1 Pin=U12-8
Added Pin To Net: NetName=NetC13_1 Pin=X1-1
Added Net: Name=NetC13_1
Added Pin To Net: NetName=NetD1_2 Pin=D1-2
Added Pin To Net: NetName=NetD1_2 Pin=Q1-1
Added Pin To Net: NetName=NetD1_2 Pin=R10-2
Added Net: Name=NetD1_2
Added Pin To Net: NetName=NetM1_1 Pin=M1-1
Added Pin To Net: NetName=NetM1_1 Pin=U1-1
Added Pin To Net: NetName=NetM1_1 Pin=U1-2
Added Net: Name=NetM1_1
Added Pin To Net: NetName=NetM2_1 Pin=M2-1
Added Pin To Net: NetName=NetM2_1 Pin=U1-11
Added Pin To Net: NetName=NetM2_1 Pin=U1-12
Added Net: Name=NetM2_1
Added Pin To Net: NetName=NetM2_2 Pin=M2-2
Added Pin To Net: NetName=NetM2_2 Pin=U1-7
Added Pin To Net: NetName=NetM2_2 Pin=U1-8
Added Net: Name=NetM2_2
Added Pin To Net: NetName=NetR2_1 Pin=R2-1
Added Pin To Net: NetName=NetR2_1 Pin=U2-5
Added Pin To Net: NetName=NetR2_1 Pin=U3-3
Added Net: Name=NetR2_1
Added Pin To Net: NetName=NetR3_2 Pin=R3-2
Added Pin To Net: NetName=NetR3_2 Pin=U3-1
Added Net: Name=NetR3_2
Added Pin To Net: NetName=NetR5_1 Pin=R5-1
Added Pin To Net: NetName=NetR5_1 Pin=U2-7
Added Pin To Net: NetName=NetR5_1 Pin=U5-3
Added Net: Name=NetR5_1
Added Pin To Net: NetName=NetR7_1 Pin=R7-1
Added Pin To Net: NetName=NetR7_1 Pin=U2-9
Added Pin To Net: NetName=NetR7_1 Pin=U7-3
Added Net: Name=NetR7_1
Added Pin To Net: NetName=NetR8_2 Pin=R8-2
Added Pin To Net: NetName=NetR8_2 Pin=U7-1
Added Net: Name=NetR8_2
Added Pin To Net: NetName=NetR11_1 Pin=R11-1
Added Pin To Net: NetName=NetR11_1 Pin=U2-11
Added Pin To Net: NetName=NetR11_1 Pin=U9-3
Added Net: Name=NetR11_1
Added Pin To Net: NetName=NetU1_5 Pin=U1-5
Added Pin To Net: NetName=NetU1_5 Pin=U1-6
Added Net: Name=NetU1_5
Added Member To Class: ClassName=Line_follower1_Sheet Member=Component C1 100n
Added Member To Class: ClassName=Line_follower1_Sheet Member=Component C2 10u
Added Member To Class: ClassName=Line_follower1_Sheet Member=Component C3 100n
Added Member To Class: ClassName=Line_follower1_Sheet Member=Component C4 10u
Added Member To Class: ClassName=Line_follower1_Sheet Member=Component C5 100n
Added Member To Class: ClassName=Line_follower1_Sheet Member=Component C6 10u
Added Member To Class: ClassName=Line_follower1_Sheet Member=Component C7 10u
Added Member To Class: ClassName=Line_follower1_Sheet Member=Component C8 100n
Added Member To Class: ClassName=Line_follower1_Sheet Member=Component C9 100n
Added Member To Class: ClassName=Line_follower1_Sheet Member=Component C10 100n
Added Member To Class: ClassName=Line_follower1_Sheet Member=Component C11 100n
Added Member To Class: ClassName=Line_follower1_Sheet Member=Component C12 22p
Added Member To Class: ClassName=Line_follower1_Sheet Member=Component C13 22p
Added Member To Class: ClassName=Line_follower1_Sheet Member=Component D1 MM3Z10VT1G
Added Member To Class: ClassName=Line_follower1_Sheet Member=Component J1 TSW-103-15-F-D
Added Member To Class: ClassName=Line_follower1_Sheet Member=Component J2 ZF5S-12-02-T-WT
Added Member To Class: ClassName=Line_follower1_Sheet Member=Component J3 ZF5S-12-02-T-WT
Added Member To Class: ClassName=Line_follower1_Sheet Member=Component M1 Component_1
Added Member To Class: ClassName=Line_follower1_Sheet Member=Component M2 Component_1
Added Member To Class: ClassName=Line_follower1_Sheet Member=Component P1 22-27-2021
Added Member To Class: ClassName=Line_follower1_Sheet Member=Component Q1 FDN340P
Added Member To Class: ClassName=Line_follower1_Sheet Member=Component Q2 2N7002
Added Member To Class: ClassName=Line_follower1_Sheet Member=Component R1 10k
Added Member To Class: ClassName=Line_follower1_Sheet Member=Component R2 10k
Added Member To Class: ClassName=Line_follower1_Sheet Member=Component R3 220R
Added Member To Class: ClassName=Line_follower1_Sheet Member=Component R4 10k
Added Member To Class: ClassName=Line_follower1_Sheet Member=Component R5 10k
Added Member To Class: ClassName=Line_follower1_Sheet Member=Component R6 10k
Added Member To Class: ClassName=Line_follower1_Sheet Member=Component R7 10k
Added Member To Class: ClassName=Line_follower1_Sheet Member=Component R8 220R
Added Member To Class: ClassName=Line_follower1_Sheet Member=Component R9 10k
Added Member To Class: ClassName=Line_follower1_Sheet Member=Component R10 10k
Added Member To Class: ClassName=Line_follower1_Sheet Member=Component R11 10k
Added Member To Class: ClassName=Line_follower1_Sheet Member=Component R12 10k
Added Member To Class: ClassName=Line_follower1_Sheet Member=Component R13 10k
Added Member To Class: ClassName=Line_follower1_Sheet Member=Component R14 10k
Added Member To Class: ClassName=Line_follower1_Sheet Member=Component R15 10k
Added Member To Class: ClassName=Line_follower1_Sheet Member=Component R16 220R
Added Member To Class: ClassName=Line_follower1_Sheet Member=Component R17 10k
Added Member To Class: ClassName=Line_follower1_Sheet Member=Component R18 10k
Added Member To Class: ClassName=Line_follower1_Sheet Member=Component R19 10k
Added Member To Class: ClassName=Line_follower1_Sheet Member=Component R20 10k
Added Member To Class: ClassName=Line_follower1_Sheet Member=Component R21 10k
Added Member To Class: ClassName=Line_follower1_Sheet Member=Component R22 10k
Added Member To Class: ClassName=Line_follower1_Sheet Member=Component R23 220R
Added Member To Class: ClassName=Line_follower1_Sheet Member=Component R24 10k
Added Member To Class: ClassName=Line_follower1_Sheet Member=Component R25 10k
Added Member To Class: ClassName=Line_follower1_Sheet Member=Component U1 TB6612FNG,C,8,EL
Added Member To Class: ClassName=Line_follower1_Sheet Member=Component U2 LM339DR2G
Added Member To Class: ClassName=Line_follower1_Sheet Member=Component U3 QRE1113GR
Added Member To Class: ClassName=Line_follower1_Sheet Member=Component U4 LM339DR2G
Added Member To Class: ClassName=Line_follower1_Sheet Member=Component U5 QRE1113GR
Added Member To Class: ClassName=Line_follower1_Sheet Member=Component U7 QRE1113GR
Added Member To Class: ClassName=Line_follower1_Sheet Member=Component U9 QRE1113GR
Added Member To Class: ClassName=Line_follower1_Sheet Member=Component U11 QRE1113GR
Added Member To Class: ClassName=Line_follower1_Sheet Member=Component U12 ATmega328-AUR
Added Member To Class: ClassName=Line_follower1_Sheet Member=Component U14 QRE1113GR
Added Member To Class: ClassName=Line_follower1_Sheet Member=Component U16 QRE1113GR
Added Member To Class: ClassName=Line_follower1_Sheet Member=Component U18 QRE1113GR
Added Member To Class: ClassName=Line_follower1_Sheet Member=Component U19 LM1117MP-5.0
Added Member To Class: ClassName=Line_follower1_Sheet Member=Component VR1 3362P-1-103LF
Added Member To Class: ClassName=Line_follower1_Sheet Member=Component X1 ABL-16.000MHZ-T
